Building for debugging...
[0/3] Write swift-version--58304C5D6DBC2206.txt
Build complete! (0.10s)
Compiling: /Users/jack/Software/scp_port/blitz3d-wasm/Tests/IntegrationTests/MeshTest.bb
Output: /Users/jack/Software/scp_port/blitz3d-wasm/Tests/IntegrationTests/MeshTest.wasm

Preprocessed source size: 700 characters
Parsed program:
  - 19 top-level statements
  - 0 functions
  - 19 total statements (including functions)
  - 0 type declarations

DEBUG_COMPILER: Registered CreateCamera. Index: 44 Internal: createcamera
DEBUG_COMPILER: Generating call to CreateCamera. Index: 44
Ensuring return for void -> void
Generated WASM module:
  - 33 function types
  - 4 functions
  - 1 memory pages
  - 4 globals
  - 192 exports
  - 4 function bodies
  - 0 data segments

Wrote WASM file: /Users/jack/Software/scp_port/blitz3d-wasm/Tests/IntegrationTests/MeshTest.wasm (5987 bytes)
Using Chrome executable at: /Users/jack/Software/scp_port/blitz3d-wasm/chrome/mac_arm-146.0.7642.0/chrome-mac-arm64/Google Chrome for Testing.app/Contents/MacOS/Google Chrome for Testing
[55282:870913:0118/202636.673960:ERROR:ui/gl/init/gl_factory.cc:111] Requested GL implementation (gl=none,angle=none) not found in allowed implementations: [(gl=egl-angle,angle=opengl),(gl=egl-angle,angle=metal),(gl=egl-angle,angle=swiftshader)].
[55282:870913:0118/202636.688086:ERROR:components/viz/service/main/viz_main_impl.cc:189] Exiting GPU process due to errors during initialization

DevTools listening on ws://127.0.0.1:53533/devtools/browser/26d6bb6f-fda7-4d96-8775-61390c94f0e4
[55287:870995:0118/202637.054910:ERROR:ui/gl/init/gl_factory.cc:111] Requested GL implementation (gl=none,angle=none) not found in allowed implementations: [(gl=egl-angle,angle=opengl),(gl=egl-angle,angle=metal),(gl=egl-angle,angle=swiftshader)].
[55287:870995:0118/202637.065887:ERROR:components/viz/service/main/viz_main_impl.cc:189] Exiting GPU process due to errors during initialization
Navigating to http://localhost:8080/index_mesh.html...
[55289:871038:0118/202637.140088:ERROR:ui/gl/init/gl_factory.cc:111] Requested GL implementation (gl=none,angle=none) not found in allowed implementations: [(gl=egl-angle,angle=opengl),(gl=egl-angle,angle=metal),(gl=egl-angle,angle=swiftshader)].
[55289:871038:0118/202637.150580:ERROR:components/viz/service/main/viz_main_impl.cc:189] Exiting GPU process due to errors during initialization
::1 - - [18/Jan/2026 20:26:37] "GET /index_mesh.html?v=1768785997123 HTTP/1.1" 200 -
::1 - - [18/Jan/2026 20:26:37] "GET /dist/runtime.bundle.js?v=2 HTTP/1.1" 200 -
[55290:871051:0118/202637.203471:ERROR:ui/gl/init/gl_factory.cc:111] Requested GL implementation (gl=none,angle=none) not found in allowed implementations: [(gl=egl-angle,angle=opengl),(gl=egl-angle,angle=metal),(gl=egl-angle,angle=swiftshader)].
[55290:871051:0118/202637.214087:ERROR:components/viz/service/main/viz_main_impl.cc:189] Exiting GPU process due to errors during initialization
[Browser] Blitz3D Runtime (Modular) loaded successfully ["Blitz3D Runtime (Modular) loaded successfully"]
[Browser] Available modules: core, graphics, physics, input ["Available modules: core, graphics, physics, input"]
[Browser] Blitz3D Runtime Core Initialized ["Blitz3D Runtime Core Initialized"]
[Browser] THREE.WebGLRenderer: Error creating WebGL context. ["THREE.WebGLRenderer: Error creating WebGL context."]
[Browser] WebGL Init Failed, using mock renderer. ["WebGL Init Failed, using mock renderer."]
[Browser] Blitz3D Runtime Initialized (Modular) ["Blitz3D Runtime Initialized (Modular)"]
[Browser] Loading WASM from Tests/IntegrationTests/MeshTest.wasm?v=1768785997282... ["Loading WASM from Tests/IntegrationTests/MeshTest.wasm?v=1768785997282..."]
::1 - - [18/Jan/2026 20:26:37] "GET /Tests/IntegrationTests/MeshTest.wasm?v=1768785997282 HTTP/1.1" 200 -
[Browser] WASM size: 5.85 KB ["WASM size: 5.85 KB"]
::1 - - [18/Jan/2026 20:26:37] code 404, message File not found
::1 - - [18/Jan/2026 20:26:37] "GET /favicon.ico HTTP/1.1" 404 -
[Browser] DEBUG: CreateCamera source: (parent) => {
            console.error("!!! EXECUTION REACHED CreateCamera !!! Parent: " + parent);
            const cam = new THREE.PerspectiveCamera(75, this.core.canvas.width / this.core.canvas.height, 1.0, 1000.0);
            const id = this.nextEntityId++;
            this.entities[id] = cam;
            if (parent && this.entities[parent]) this.entities[parent].add(cam);
            else this.scene.add(cam);

            if (!this.camera) {
                console.log("Setting active camera to ID:", id);
                this.camera = cam;
            }
            return id;
        } ["DEBUG: CreateCamera source:","(parent) => {\n            console.error(\"!!! EXECUTION REACHED CreateCamera !!! Parent: \" + parent);\n            const cam = new THREE.PerspectiveCamera(75, this.core.canvas.width / this.core.canvas.height, 1.0, 1000.0);\n            const id = this.nextEntityId++;\n            this.entities[id] = cam;\n            if (parent && this.entities[parent]) this.entities[parent].add(cam);\n            else this.scene.add(cam);\n\n            if (!this.camera) {\n                console.log(\"Setting active camera to ID:\", id);\n                this.camera = cam;\n            }\n            return id;\n        }"]
SUCCESS: CreateCamera execution verified!
[Browser] Using WebAssembly.instantiateStreaming. ["Using WebAssembly.instantiateStreaming."]
[Browser] WASM Loaded and Compiled in 7.50ms ["WASM Loaded and Compiled in 7.50ms"]
[Browser] Graphics3D Init: 800x600 ["Graphics3D Init: 800x600"]
[Browser] 1111 [1111]
[Browser] 2222 [2222]
[Browser] 3333 [3333]
[Browser] WASM LOAD ERROR: TypeError: this.renderer.setClearColor is not a function ["WASM LOAD ERROR: TypeError: this.renderer.setClearColor is not a function"]
[Browser] Failed to load resource: the server responded with a status of 404 (File not found) []
[Browser] DEBUG: Checking imports.env.CreateCamera: JSHandle@function ["DEBUG: Checking imports.env.CreateCamera:",{}]
[Browser] WASM Imports: JSHandle@array ["WASM Imports:",["PrintInt","PrintString","Cls","Flip","MilliCSecs","Delay","Sin","Cos","Tan","ASin","ACos","ATan","ATan2","Sqr","Sqrt","Floor","Ceil","Exp","Log","Log10","Abs","Sgn","Mod","Rnd","Rand","SeedRnd","StringConcat","IntToString","FloatToString","Left","Right","Mid","Upper","Lower","Replace","Instr","Len","Trim","LTrim","RTrim","ReadFile","WriteFile","CloseFile","ReadInt","ReadFloat","ReadString","ReadByte","ReadShort","Eof","FileSize","FileType","ReadData","RestoreData","CreateBank","FreeBank","BankSize","ResizeBank","CopyBank","PeekByte","PokeByte","PeekInt","PokeInt","PeekFloat","PokeFloat","PeekShort","PokeShort","PlaySound","FreeSound","StopChannel","ChannelVolume","ChannelPaused","ChannelPlaying","FSOUND_Init","FSOUND_Stream_Open","FSOUND_Stream_Play","FSOUND_SetVolume","FSOUND_SetPaused","FSOUND_Stream_Stop","FSOUND_Close","ZlibWapi_Open","ZlibWapi_Close","ZlibWapi_GetFileCount","ZlibWapi_GetFileName","ZlibWapi_ExtractFile","Graphics3D","ClsColor","Color","GetColor","Rect","Oval","Line","Text","LoadImage","DrawImage","DrawBlock","TileImage","ImageWidth","ImageHeight","HandleImage","MidHandle","AutoMidHandle","MaskImage","ScaleImage","ResizeImage","FreeImage","CreateCamera","CreateLight","CreateMesh","PositionEntity","RotateEntity","ScaleEntity","MoveEntity","TurnEntity","EntityX","EntityY","EntityZ","EntityPitch","EntityYaw","EntityRoll","EntityDistance","EntityVisible","EntityInView","CreatePivot","FreeEntity","CopyEntity","EntityTexture","CreateSurface","AddVertex","AddTriangle","VertexColor","UpdateNormals","LoadMesh","LoadAnimMesh","Animate","SetAnimTime","RenderWorld","UpdateWorld","AmbientLight","LightColor","LightRange","CameraClsColor","CameraRange","CameraZoom","CameraProjMode","CameraViewport","FogMode","FogColor","FogRange","FogDensity","CreateCube","CreateSphere","LoadTexture","LoadAsset","GetAssetData","GetAssetSize","AnimTime","AnimLength","ExtractAnimSeq","AddAnimSeq","AnimSeq","Animating","WaitKey","Collisions","ClearCollisions","EntityType","EntityRadius","EntityPick","LinePick","GetMatPickX","GetMatPickY","GetMatPickZ","CountCollisions","CollisionX","CollisionY","CollisionZ","CollisionEntity","CollisionNX","CollisionNY","CollisionNZ","CollisionSurface","CollisionTriangle","KeyDown","KeyHit","MouseX","MouseY","MouseZ","MouseXSpeed","MouseYSpeed","MouseDown","MouseHit","MoveMouse","HidePointer","ShowPointer","EnablePointerLock"]]
[Browser] Failed to load WASM: JSHandle@error ["Failed to load WASM:",{}]
[Browser] --- Debug Frame 100 --- ["--- Debug Frame 100 ---"]
[Browser] Loop Running. Camera: MISSING ["Loop Running. Camera:","MISSING"]
[Browser] Scene Children: 0 ["Scene Children:",0]
[55275:870892:0118/202639.231058:ERROR:google_apis/gcm/engine/registration_request.cc:291] Registration response error message: DEPRECATED_ENDPOINT
[55275:870892:0118/202639.241731:ERROR:google_apis/gcm/engine/registration_request.cc:291] Registration response error message: PHONE_REGISTRATION_ERROR
[Browser] --- Debug Frame 200 --- ["--- Debug Frame 200 ---"]
[Browser] Loop Running. Camera: MISSING ["Loop Running. Camera:","MISSING"]
[Browser] Scene Children: 0 ["Scene Children:",0]
[Browser] --- Debug Frame 300 --- ["--- Debug Frame 300 ---"]
[Browser] Loop Running. Camera: MISSING ["Loop Running. Camera:","MISSING"]
[Browser] Scene Children: 0 ["Scene Children:",0]
Test finished (TIMEOUT). Closing.
